<?xml version="1.0" encoding="UTF-8" ?>
<testsuite failures="0" time="1.003" errors="0" skipped="0" tests="1" name="sample.di.business.service.ProductServiceTest">
  <properties>
    <property name="java.vendor" value="Sun Microsystems Inc."/>
    <property name="JOB_NAME" value="Spring"/>
    <property name="sun.java.launcher" value="SUN_STANDARD"/>
    <property name="windows_tracing_logfile" value="C:\BVTBin\Tests\installpackage\csilogfile.log"/>
    <property name="NUMBER_OF_PROCESSORS" value="4"/>
    <property name="sun.management.compiler" value="HotSpot Client Compiler"/>
    <property name="JENKINS_HOME" value="C:\Users\sccube10\.jenkins"/>
    <property name="HUDSON_SERVER_COOKIE" value="991ac8773a45385f"/>
    <property name="os.name" value="Windows 7"/>
    <property name="sun.boot.class.path" value="C:\Program Files\Java\jdk1.6.0_25\jre\lib\resources.jar;C:\Program Files\Java\jdk1.6.0_25\jre\lib\rt.jar;C:\Program Files\Java\jdk1.6.0_25\jre\lib\sunrsasign.jar;C:\Program Files\Java\jdk1.6.0_25\jre\lib\jsse.jar;C:\Program Files\Java\jdk1.6.0_25\jre\lib\jce.jar;C:\Program Files\Java\jdk1.6.0_25\jre\lib\charsets.jar;C:\Program Files\Java\jdk1.6.0_25\jre\lib\modules\jdk.boot.jar;C:\Program Files\Java\jdk1.6.0_25\jre\classes"/>
    <property name="EXECUTOR_NUMBER" value="0"/>
    <property name="sun.desktop" value="windows"/>
    <property name="PATHEXT" value=".COM;.EXE;.BAT;.CMD;.VBS;.VBE;.JS;.JSE;.WSF;.WSH;.MSC"/>
    <property name="java.vm.specification.vendor" value="Sun Microsystems Inc."/>
    <property name="NODE_LABELS" value="master"/>
    <property name="TEMP" value="C:\Users\sccube10\AppData\Local\Temp"/>
    <property name="java.runtime.version" value="1.6.0_25-b06"/>
    <property name="ANT_HOME" value="C:\apache-ant-1.8.4"/>
    <property name="user.name" value="sccube10"/>
    <property name="guice.disable.misplaced.annotation.check" value="true"/>
    <property name="ProgramFiles" value="C:\Program Files"/>
    <property name="OnlineServices" value="Online Services"/>
    <property name="PROMPT" value="$P$G"/>
    <property name="user.language" value="ja"/>
    <property name="sun.boot.library.path" value="C:\Program Files\Java\jdk1.6.0_25\jre\bin"/>
    <property name="LOCALAPPDATA" value="C:\Users\sccube10\AppData\Local"/>
    <property name="java.version" value="1.6.0_25"/>
    <property name="PROCESSOR_LEVEL" value="6"/>
    <property name="user.timezone" value="Asia/Tokyo"/>
    <property name="USERNAME" value="sccube10"/>
    <property name="sun.arch.data.model" value="32"/>
    <property name="NODE_NAME" value="master"/>
    <property name="java.endorsed.dirs" value="C:\Program Files\Java\jdk1.6.0_25\jre\lib\endorsed"/>
    <property name="BUILD_ID" value="2013-03-06_11-25-14"/>
    <property name="sun.cpu.isalist" value="pentium_pro+mmx pentium_pro pentium+mmx pentium i486 i386 i86"/>
    <property name="sun.jnu.encoding" value="MS932"/>
    <property name="file.encoding.pkg" value="sun.io"/>
    <property name="file.separator" value="\"/>
    <property name="java.specification.name" value="Java Platform API Specification"/>
    <property name="HOMEDRIVE" value="C:"/>
    <property name="OOBEUILang" value="ja-JP"/>
    <property name="java.class.version" value="50.0"/>
    <property name="=::" value="::\"/>
    <property name="user.country" value="JP"/>
    <property name="ALLUSERSPROFILE" value="C:\ProgramData"/>
    <property name="java.home" value="C:\Program Files\Java\jdk1.6.0_25\jre"/>
    <property name="java.vm.info" value="mixed mode, sharing"/>
    <property name="os.version" value="6.1"/>
    <property name="LIB" value="C:\Program Files\MeFt\LIB"/>
    <property name="INCLUDE" value="C:\Program Files\MeFt\INCLUDE"/>
    <property name="CATALINA_HOME" value="C:\Users\sccube10\Desktop\pleiades - コピー (4)\tomcat\6.0"/>
    <property name="=ExitCode" value="00000000"/>
    <property name="TMP" value="C:\Users\sccube10\AppData\Local\Temp"/>
    <property name="path.separator" value=";"/>
    <property name="java.vm.version" value="20.0-b11"/>
    <property name="user.variant" value=""/>
    <property name="Platform" value="BPC"/>
    <property name="java.awt.printerjob" value="sun.awt.windows.WPrinterJob"/>
    <property name="FP_NO_HOST_CHECK" value="NO"/>
    <property name="JAVA_HOME" value="C:\Program Files\Java\jdk1.6.0_25"/>
    <property name="sun.io.unicode.encoding" value="UnicodeLittle"/>
    <property name="CommonProgramFiles" value="C:\Program Files\Common Files"/>
    <property name="ComSpec" value="C:\Windows\system32\cmd.exe"/>
    <property name="HOMEPATH" value="\Users\sccube10"/>
    <property name="awt.toolkit" value="sun.awt.windows.WToolkit"/>
    <property name="HOME" value="C:\Users\sccube10"/>
    <property name="COMPUTERNAME" value="SCCUBE10-HP"/>
    <property name="PUBLIC" value="C:\Users\Public"/>
    <property name="user.home" value="C:\Users\sccube10"/>
    <property name="BUILD_TAG" value="jenkins-Spring-1"/>
    <property name="JENKINS_SERVER_COOKIE" value="991ac8773a45385f"/>
    <property name="HUDSON_URL" value="http://localhost:8080/"/>
    <property name="ProgramData" value="C:\ProgramData"/>
    <property name="java.specification.vendor" value="Sun Microsystems Inc."/>
    <property name="USERPROFILE" value="C:\Users\sccube10"/>
    <property name="CLASSPATH" value=""/>
    <property name="java.vendor.url" value="http://java.sun.com/"/>
    <property name="java.library.path" value="C:\Program Files\Java\jdk1.6.0_25\bin;.;C:\Windows\Sun\Java\bin;C:\Windows\system32;C:\Windows;C:\apache-maven-3.0.4/bin;C:\Program Files\Java\jdk1.6.0_25/bin;C:\Program Files\Java\jdk1.6.0_25/bin;C:\Perl\site\bin;C:\Perl\bin;C:\Program Files\JavaFX\javafx-sdk1.3\bin;C:\Program Files\JavaFX\javafx-sdk1.3\emulator\bin;C:\oraclexe\app\oracle\product\11.2.0\server\bin;;C:\Program Files\MeFt;C:\Program Files\HP SimplePass 2011\;C:\Windows\system32;C:\Windows;C:\Windows\System32\Wbem;C:\Windows\System32\WindowsPowerShell\v1.0\;c:\Program Files\Intel\DMIX;C:\Program Files\Intel\Services\IPT\;c:\Program Files\Microsoft SQL Server\100\Tools\Binn\;c:\Program Files\Microsoft SQL Server\100\DTS\Binn\;c:\Program Files\Microsoft SQL Server\100\Tools\Binn\VSShell\Common7\IDE\;C:\play-2.0.3;C:\Program Files\Java\jdk1.6.0_25\bin;C:\apache-ant-1.8.4\bin;C:\Program Files\scala\bin;C:\apache-maven-3.0.4\bin"/>
    <property name="CLASS_PATH" value="C:\mysql-connector-java-5.1.22\mysql-connector-java-5.1.22-bin.jar;"/>
    <property name="java.vm.vendor" value="Sun Microsystems Inc."/>
    <property name="APPDATA" value="C:\Users\sccube10\AppData\Roaming"/>
    <property name="java.runtime.name" value="Java(TM) SE Runtime Environment"/>
    <property name="maven.home" value="C:\apache-maven-3.0.4"/>
    <property name="java.class.path" value="C:\Users\sccube10\.jenkins\plugins\maven-plugin\WEB-INF\lib\maven3-agent-1.2.jar;C:\apache-maven-3.0.4\boot\plexus-classworlds-2.4.jar"/>
    <property name="sun.java.command" value="org.jvnet.hudson.maven3.agent.Maven3Main C:\apache-maven-3.0.4 C:\Users\sccube10\.jenkins\war\WEB-INF\lib\remoting-2.22.jar C:\Users\sccube10\.jenkins\plugins\maven-plugin\WEB-INF\lib\maven3-interceptor-1.2.jar 50119"/>
    <property name="OPENSSL_CONF" value="C:\OpenSSL-Win32\bin\openssl.cnf"/>
    <property name="Path" value="C:\Program Files\Java\jdk1.6.0_25/bin;C:\Perl\site\bin;C:\Perl\bin;C:\Program Files\JavaFX\javafx-sdk1.3\bin;C:\Program Files\JavaFX\javafx-sdk1.3\emulator\bin;C:\oraclexe\app\oracle\product\11.2.0\server\bin;;C:\Program Files\MeFt;C:\Program Files\HP SimplePass 2011\;C:\Windows\system32;C:\Windows;C:\Windows\System32\Wbem;C:\Windows\System32\WindowsPowerShell\v1.0\;c:\Program Files\Intel\DMIX;C:\Program Files\Intel\Services\IPT\;c:\Program Files\Microsoft SQL Server\100\Tools\Binn\;c:\Program Files\Microsoft SQL Server\100\DTS\Binn\;c:\Program Files\Microsoft SQL Server\100\Tools\Binn\VSShell\Common7\IDE\;C:\play-2.0.3;C:\Program Files\Java\jdk1.6.0_25\bin;C:\apache-ant-1.8.4\bin;C:\Program Files\scala\bin;C:\apache-maven-3.0.4\bin"/>
    <property name="java.vm.specification.name" value="Java Virtual Machine Specification"/>
    <property name="PROCESSOR_ARCHITECTURE" value="x86"/>
    <property name="PATH+JDK" value="C:\Program Files\Java\jdk1.6.0_25/bin"/>
    <property name="PROCESSOR_IDENTIFIER" value="x86 Family 6 Model 42 Stepping 7, GenuineIntel"/>
    <property name="SESSIONNAME" value="Console"/>
    <property name="java.vm.specification.version" value="1.0"/>
    <property name="sun.os.patch.level" value="Service Pack 1"/>
    <property name="sun.cpu.endian" value="little"/>
    <property name="M2_HOME" value="C:\apache-maven-3.0.4"/>
    <property name="java.io.tmpdir" value="C:\Users\sccube10\AppData\Local\Temp\"/>
    <property name="OS" value="Windows_NT"/>
    <property name="HUDSON_HOME" value="C:\Users\sccube10\.jenkins"/>
    <property name="PATH+MAVEN" value="C:\apache-maven-3.0.4/bin"/>
    <property name="BUILD_URL" value="http://localhost:8080/job/Spring/1/"/>
    <property name="java.vendor.url.bug" value="http://java.sun.com/cgi-bin/bugreport.cgi"/>
    <property name="java.awt.graphicsenv" value="sun.awt.Win32GraphicsEnvironment"/>
    <property name="os.arch" value="x86"/>
    <property name="SystemRoot" value="C:\Windows"/>
    <property name="windows_tracing_flags" value="3"/>
    <property name="java.ext.dirs" value="C:\Program Files\Java\jdk1.6.0_25\jre\lib\ext;C:\Windows\Sun\Java\lib\ext"/>
    <property name="ERROR_CODE" value="0"/>
    <property name="user.dir" value="C:\Users\sccube10\Desktop\SpringTest"/>
    <property name="JOB_URL" value="http://localhost:8080/job/Spring/"/>
    <property name="LOGONSERVER" value="\\SCCUBE10-HP"/>
    <property name="USERDOMAIN" value="sccube10-HP"/>
    <property name="line.separator" value="
"/>
    <property name="MAVEN_HOME" value="C:\apache-maven-3.0.4"/>
    <property name="java.vm.name" value="Java HotSpot(TM) Client VM"/>
    <property name="BUILD_NUMBER" value="1"/>
    <property name="JENKINS_URL" value="http://localhost:8080/"/>
    <property name="PROCESSOR_REVISION" value="2a07"/>
    <property name="windir" value="C:\Windows"/>
    <property name="FPPUILang" value="ja-JP"/>
    <property name="=C:" value="C:\Users\sccube10\Downloads"/>
    <property name="file.encoding" value="MS932"/>
    <property name="SystemDrive" value="C:"/>
    <property name="VBOX_INSTALL_PATH" value="C:\Program Files\Oracle\VirtualBox\"/>
    <property name="maven3.interceptor" value="C:\Users\sccube10\.jenkins\plugins\maven-plugin\WEB-INF\lib\maven3-interceptor-1.2.jar"/>
    <property name="WORKSPACE" value="C:\Users\sccube10\.jenkins\jobs\Spring\workspace"/>
    <property name="java.specification.version" value="1.6"/>
    <property name="PSModulePath" value="C:\Windows\system32\WindowsPowerShell\v1.0\Modules\"/>
  </properties>
  <testcase time="0.003" classname="sample.di.business.service.ProductServiceTest" name="testFindProduct"/>
</testsuite>